<?xml version="1.0" encoding="UTF-8"?>
<testsuite name="com.globalmoney.api.compliance.GlobalmoneyComplianceApplicationTests" tests="1" skipped="0" failures="0" errors="0" timestamp="2021-04-06T13:43:04" hostname="Amits-MBP" time="0.19">
  <properties/>
  <testcase name="contextLoads()" classname="com.globalmoney.api.compliance.GlobalmoneyComplianceApplicationTests" time="0.19"/>
  <system-out><![CDATA[17:43:00.343 [Test worker] DEBUG org.springframework.test.context.BootstrapUtils - Instantiating CacheAwareContextLoaderDelegate from class [org.springframework.test.context.cache.DefaultCacheAwareContextLoaderDelegate]
17:43:00.353 [Test worker] DEBUG org.springframework.test.context.BootstrapUtils - Instantiating BootstrapContext using constructor [public org.springframework.test.context.support.DefaultBootstrapContext(java.lang.Class,org.springframework.test.context.CacheAwareContextLoaderDelegate)]
17:43:00.382 [Test worker] DEBUG org.springframework.test.context.BootstrapUtils - Instantiating TestContextBootstrapper for test class [com.globalmoney.api.compliance.GlobalmoneyComplianceApplicationTests] from class [org.springframework.boot.test.context.SpringBootTestContextBootstrapper]
17:43:00.397 [Test worker] INFO org.springframework.boot.test.context.SpringBootTestContextBootstrapper - Neither @ContextConfiguration nor @ContextHierarchy found for test class [com.globalmoney.api.compliance.GlobalmoneyComplianceApplicationTests], using SpringBootContextLoader
17:43:00.400 [Test worker] DEBUG org.springframework.test.context.support.AbstractContextLoader - Did not detect default resource location for test class [com.globalmoney.api.compliance.GlobalmoneyComplianceApplicationTests]: class path resource [com/globalmoney/api/compliance/GlobalmoneyComplianceApplicationTests-context.xml] does not exist
17:43:00.401 [Test worker] DEBUG org.springframework.test.context.support.AbstractContextLoader - Did not detect default resource location for test class [com.globalmoney.api.compliance.GlobalmoneyComplianceApplicationTests]: class path resource [com/globalmoney/api/compliance/GlobalmoneyComplianceApplicationTestsContext.groovy] does not exist
17:43:00.401 [Test worker] INFO org.springframework.test.context.support.AbstractContextLoader - Could not detect default resource locations for test class [com.globalmoney.api.compliance.GlobalmoneyComplianceApplicationTests]: no resource found for suffixes {-context.xml, Context.groovy}.
17:43:00.401 [Test worker] INFO org.springframework.test.context.support.AnnotationConfigContextLoaderUtils - Could not detect default configuration classes for test class [com.globalmoney.api.compliance.GlobalmoneyComplianceApplicationTests]: GlobalmoneyComplianceApplicationTests does not declare any static, non-private, non-final, nested classes annotated with @Configuration.
17:43:00.438 [Test worker] DEBUG org.springframework.test.context.support.ActiveProfilesUtils - Could not find an 'annotation declaring class' for annotation type [org.springframework.test.context.ActiveProfiles] and class [com.globalmoney.api.compliance.GlobalmoneyComplianceApplicationTests]
17:43:00.479 [Test worker] DEBUG org.springframework.context.annotation.ClassPathScanningCandidateComponentProvider - Identified candidate component class: file [/Users/amitpatel/Documents/globalmoney-compliance/build/classes/java/main/com/globalmoney/api/compliance/GlobalmoneyComplianceApplication.class]
17:43:00.479 [Test worker] INFO org.springframework.boot.test.context.SpringBootTestContextBootstrapper - Found @SpringBootConfiguration com.globalmoney.api.compliance.GlobalmoneyComplianceApplication for test class com.globalmoney.api.compliance.GlobalmoneyComplianceApplicationTests
17:43:00.548 [Test worker] DEBUG org.springframework.boot.test.context.SpringBootTestContextBootstrapper - @TestExecutionListeners is not present for class [com.globalmoney.api.compliance.GlobalmoneyComplianceApplicationTests]: using defaults.
17:43:00.548 [Test worker] INFO org.springframework.boot.test.context.SpringBootTestContextBootstrapper - Loaded default TestExecutionListener class names from location [META-INF/spring.factories]: [org.springframework.security.test.context.support.WithSecurityContextTestExecutionListener, org.springframework.security.test.context.support.ReactorContextTestExecutionListener, org.springframework.boot.test.autoconfigure.restdocs.RestDocsTestExecutionListener, org.springframework.boot.test.autoconfigure.web.client.MockRestServiceServerResetTestExecutionListener, org.springframework.boot.test.autoconfigure.web.servlet.MockMvcPrintOnlyOnFailureTestExecutionListener, org.springframework.boot.test.autoconfigure.web.servlet.WebDriverTestExecutionListener, org.springframework.boot.test.autoconfigure.webservices.client.MockWebServiceServerTestExecutionListener, org.springframework.boot.test.mock.mockito.MockitoTestExecutionListener, org.springframework.boot.test.mock.mockito.ResetMocksTestExecutionListener, org.springframework.test.context.web.ServletTestExecutionListener, org.springframework.test.context.support.DirtiesContextBeforeModesTestExecutionListener, org.springframework.test.context.event.ApplicationEventsTestExecutionListener, org.springframework.test.context.support.DependencyInjectionTestExecutionListener, org.springframework.test.context.support.DirtiesContextTestExecutionListener, org.springframework.test.context.transaction.TransactionalTestExecutionListener, org.springframework.test.context.jdbc.SqlScriptsTestExecutionListener, org.springframework.test.context.event.EventPublishingTestExecutionListener]
17:43:00.563 [Test worker] INFO org.springframework.boot.test.context.SpringBootTestContextBootstrapper - Using TestExecutionListeners: [org.springframework.test.context.web.ServletTestExecutionListener@4bd452a1, org.springframework.test.context.support.DirtiesContextBeforeModesTestExecutionListener@536d80d, org.springframework.test.context.event.ApplicationEventsTestExecutionListener@53ff3b0e, org.springframework.boot.test.mock.mockito.MockitoTestExecutionListener@5f12135e, org.springframework.boot.test.autoconfigure.SpringBootDependencyInjectionTestExecutionListener@36ba1347, org.springframework.test.context.support.DirtiesContextTestExecutionListener@5ff532d, org.springframework.test.context.transaction.TransactionalTestExecutionListener@2ff22fd7, org.springframework.test.context.jdbc.SqlScriptsTestExecutionListener@60355194, org.springframework.security.test.context.support.WithSecurityContextTestExecutionListener@6f346fe, org.springframework.test.context.event.EventPublishingTestExecutionListener@79ea1b36, org.springframework.security.test.context.support.ReactorContextTestExecutionListener@47580f4b, org.springframework.boot.test.autoconfigure.restdocs.RestDocsTestExecutionListener@dab4fc5, org.springframework.boot.test.autoconfigure.web.client.MockRestServiceServerResetTestExecutionListener@11f33c38, org.springframework.boot.test.autoconfigure.web.servlet.MockMvcPrintOnlyOnFailureTestExecutionListener@38e9b69b, org.springframework.boot.test.autoconfigure.web.servlet.WebDriverTestExecutionListener@3f4cd49a, org.springframework.boot.test.autoconfigure.webservices.client.MockWebServiceServerTestExecutionListener@68ce61d1, org.springframework.boot.test.mock.mockito.ResetMocksTestExecutionListener@60d4820c]
17:43:00.566 [Test worker] DEBUG org.springframework.test.context.support.AbstractDirtiesContextTestExecutionListener - Before test class: context [DefaultTestContext@f24efeb testClass = GlobalmoneyComplianceApplicationTests, testInstance = [null], testMethod = [null], testException = [null], mergedContextConfiguration = [WebMergedContextConfiguration@2303ff8c testClass = GlobalmoneyComplianceApplicationTests, locations = '{}', classes = '{class com.globalmoney.api.compliance.GlobalmoneyComplianceApplication}', contextInitializerClasses = '[]', activeProfiles = '{}', propertySourceLocations = '{}', propertySourceProperties = '{org.springframework.boot.test.context.SpringBootTestContextBootstrapper=true}', contextCustomizers = set[org.springframework.boot.test.autoconfigure.actuate.metrics.MetricsExportContextCustomizerFactory$DisableMetricExportContextCustomizer@143f8085, org.springframework.boot.test.autoconfigure.properties.PropertyMappingContextCustomizer@0, org.springframework.boot.test.autoconfigure.web.servlet.WebDriverContextCustomizerFactory$Customizer@5e9149ce, org.springframework.boot.test.context.filter.ExcludeFilterContextCustomizer@30a11d4f, org.springframework.boot.test.json.DuplicateJsonObjectContextCustomizerFactory$DuplicateJsonObjectContextCustomizer@4734c4f6, org.springframework.boot.test.mock.mockito.MockitoContextCustomizer@0, org.springframework.boot.test.web.client.TestRestTemplateContextCustomizer@527f0cec, org.springframework.boot.test.context.SpringBootTestArgs@1, org.springframework.boot.test.context.SpringBootTestWebEnvironment@7b5898dc], resourceBasePath = 'src/main/webapp', contextLoader = 'org.springframework.boot.test.context.SpringBootContextLoader', parent = [null]], attributes = map['org.springframework.test.context.web.ServletTestExecutionListener.activateListener' -> true]], class annotated with @DirtiesContext [false] with mode [null].
17:43:00.587 [Test worker] DEBUG org.springframework.test.context.support.TestPropertySourceUtils - Adding inlined properties to environment: {spring.jmx.enabled=false, org.springframework.boot.test.context.SpringBootTestContextBootstrapper=true}

  .   ____          _            __ _ _
 /\\ / ___'_ __ _ _(_)_ __  __ _ \ \ \ \
( ( )\___ | '_ | '_| | '_ \/ _` | \ \ \ \
 \\/  ___)| |_)| | | | | || (_| |  ) ) ) )
  '  |____| .__|_| |_|_| |_\__, | / / / /
 =========|_|==============|___/=/_/_/_/
 :: Spring Boot ::                (v2.4.4)

2021-04-06 17:43:00.812  INFO 14712 --- [    Test worker] .c.GlobalmoneyComplianceApplicationTests : Starting GlobalmoneyComplianceApplicationTests using Java 11.0.8 on Amits-MBP with PID 14712 (started by amitpatel in /Users/amitpatel/Documents/globalmoney-compliance)
2021-04-06 17:43:00.814  INFO 14712 --- [    Test worker] .c.GlobalmoneyComplianceApplicationTests : No active profile set, falling back to default profiles: default
2021-04-06 17:43:01.711  INFO 14712 --- [    Test worker] .s.d.r.c.RepositoryConfigurationDelegate : Bootstrapping Spring Data JPA repositories in DEFAULT mode.
2021-04-06 17:43:01.722  INFO 14712 --- [    Test worker] .s.d.r.c.RepositoryConfigurationDelegate : Finished Spring Data repository scanning in 5 ms. Found 0 JPA repository interfaces.
2021-04-06 17:43:02.092  INFO 14712 --- [    Test worker] com.zaxxer.hikari.HikariDataSource       : HikariPool-1 - Starting...
2021-04-06 17:43:02.281  INFO 14712 --- [    Test worker] com.zaxxer.hikari.pool.PoolBase          : HikariPool-1 - Driver does not support get/set network timeout for connections. (Receiver class org.h2.jdbc.JdbcConnection does not define or inherit an implementation of the resolved method 'abstract int getNetworkTimeout()' of interface java.sql.Connection.)
2021-04-06 17:43:02.283  INFO 14712 --- [    Test worker] com.zaxxer.hikari.HikariDataSource       : HikariPool-1 - Start completed.
2021-04-06 17:43:02.416  INFO 14712 --- [    Test worker] o.hibernate.jpa.internal.util.LogHelper  : HHH000204: Processing PersistenceUnitInfo [name: default]
2021-04-06 17:43:02.453  INFO 14712 --- [    Test worker] org.hibernate.Version                    : HHH000412: Hibernate ORM core version 5.4.29.Final
2021-04-06 17:43:02.569  INFO 14712 --- [    Test worker] o.hibernate.annotations.common.Version   : HCANN000001: Hibernate Commons Annotations {5.1.2.Final}
2021-04-06 17:43:02.681  INFO 14712 --- [    Test worker] org.hibernate.dialect.Dialect            : HHH000400: Using dialect: org.hibernate.dialect.H2Dialect
2021-04-06 17:43:02.854  INFO 14712 --- [    Test worker] o.h.e.t.j.p.i.JtaPlatformInitiator       : HHH000490: Using JtaPlatform implementation: [org.hibernate.engine.transaction.jta.platform.internal.NoJtaPlatform]
2021-04-06 17:43:02.862  INFO 14712 --- [    Test worker] j.LocalContainerEntityManagerFactoryBean : Initialized JPA EntityManagerFactory for persistence unit 'default'
2021-04-06 17:43:03.123  WARN 14712 --- [    Test worker] JpaBaseConfiguration$JpaWebConfiguration : spring.jpa.open-in-view is enabled by default. Therefore, database queries may be performed during view rendering. Explicitly configure spring.jpa.open-in-view to disable this warning
2021-04-06 17:43:03.553  INFO 14712 --- [    Test worker] o.s.b.a.e.web.EndpointLinksResolver      : Exposing 13 endpoint(s) beneath base path '/actuator'
2021-04-06 17:43:03.688  INFO 14712 --- [    Test worker] pertySourcedRequestMappingHandlerMapping : Mapped URL path [/v2/api-docs] onto method [springfox.documentation.swagger2.web.Swagger2Controller#getDocumentation(String, HttpServletRequest)]
2021-04-06 17:43:03.945  INFO 14712 --- [    Test worker] o.s.s.concurrent.ThreadPoolTaskExecutor  : Initializing ExecutorService 'applicationTaskExecutor'
2021-04-06 17:43:04.235  INFO 14712 --- [    Test worker] d.s.w.p.DocumentationPluginsBootstrapper : Context refreshed
2021-04-06 17:43:04.252  INFO 14712 --- [    Test worker] d.s.w.p.DocumentationPluginsBootstrapper : Found 1 custom documentation plugin(s)
2021-04-06 17:43:04.281  INFO 14712 --- [    Test worker] s.d.s.w.s.ApiListingReferenceScanner     : Scanning for api listing references
2021-04-06 17:43:04.387  INFO 14712 --- [    Test worker] .c.GlobalmoneyComplianceApplicationTests : Started GlobalmoneyComplianceApplicationTests in 3.794 seconds (JVM running for 4.756)
]]></system-out>
  <system-err><![CDATA[]]></system-err>
</testsuite>
